
########################################
# Fit performed on 2017-01-10 22:16:34 #
########################################

###########
# Dataset #
###########

# axis 0: x
# datapoints
6.000000e+02
8.500000e+02
1.100000e+03
1.350000e+03
1.600000e+03
1.850000e+03
2.100000e+03
2.350000e+03
2.600000e+03

# axis 1: y
# datapoints	uncor. err.
3.050000e+00	1.000000e-06
4.810000e+00	1.000000e-06
5.960000e+00	1.000000e-06
7.460000e+00	1.000000e-06
8.620000e+00	1.000000e-06
9.630000e+00	1.000000e-06
1.112000e+01	1.000000e-06
1.225000e+01	1.000000e-06
1.334000e+01	1.000000e-06


################
# Fit function #
################

linear_2par(x; slope, y_intercept) = slope * x + y_intercept

##############
# Fit result #
##############

# value        error    correlations
# slope
5.0647e-03   5.16e-10   
# y_intercept
3.6764e-01   8.91e-07   -0.927   

########################
# Final fit parameters #
########################

slope = 0.00506467 +- 5.2e-10
y_intercept = 0.367644 +- 8.9e-07

###############
# Fit details #
###############

USING    iminuit
FCN/ndf  2.97e+11/7 = 4.25e+10
EdM      1.38027e-07
UP       1
STA      Error matrix accurate

chi2prob 0.0
HYPTEST  rejected (sig. 5%)

