
########################################
# Fit performed on 2017-01-10 22:15:15 #
########################################

###########
# Dataset #
###########

# axis 0: x
# datapoints
6.000000e+02
8.500000e+02
1.100000e+03
1.350000e+03
1.600000e+03
1.850000e+03
2.100000e+03
2.350000e+03
2.600000e+03

# axis 1: y
# datapoints
3.050000e+00
4.810000e+00
5.960000e+00
7.460000e+00
8.620000e+00
9.630000e+00
1.112000e+01
1.225000e+01
1.334000e+01


################
# Fit function #
################

linear_2par(x; slope, y_intercept) = slope * x + y_intercept

##############
# Fit result #
##############

# value        error    correlations
# slope
5.0647e-03   5.16e-04   
# y_intercept
3.6764e-01   8.91e-01   -0.927   

########################
# Final fit parameters #
########################

slope = 0.00506 +- 0.00052
y_intercept = 0.37 +- 0.89

###############
# Fit details #
###############

USING    iminuit
FCN/ndf  0.297/7 = 0.0425
EdM      1.24111e-22
UP       1
STA      Error matrix accurate

chi2prob 1.0
HYPTEST  accepted (sig. 5%)

