
########################################
# Fit performed on 2017-01-10 22:45:55 #
########################################

###########
# Dataset #
###########

# axis 0: x
# datapoints
6.000000e+00
1.500000e+01
2.300000e+01
3.600000e+01
4.800000e+01
6.000000e+01
8.000000e+01
9.700000e+01
1.150000e+02

# axis 1: y
# datapoints	uncor. err.
4.000000e-02	1.000000e-07
7.000000e-02	1.000000e-07
1.000000e-01	1.000000e-07
1.450000e-01	1.000000e-07
1.820000e-01	1.000000e-07
2.600000e-01	1.000000e-07
3.300000e-01	1.000000e-07
4.100000e-01	1.000000e-07
5.000000e-01	1.000000e-07


################
# Fit function #
################

linear_2par(x; slope, y_intercept) = slope * x + y_intercept

##############
# Fit result #
##############

# value        error    correlations
# slope
4.2171e-03   9.36e-10   
# y_intercept
1.4220e-03   6.00e-08   -0.832   

########################
# Final fit parameters #
########################

slope = 0.00421709 +- 9.4e-10
y_intercept = 0.00142204 +- 6e-08

###############
# Fit details #
###############

USING    iminuit
FCN/ndf  1.05e+11/7 = 1.49e+10
EdM      1.29313e-08
UP       1
STA      Error matrix accurate

chi2prob 0.0
HYPTEST  rejected (sig. 5%)

