
########################################
# Fit performed on 2017-01-10 22:45:55 #
########################################

###########
# Dataset #
###########

# axis 0: x
# datapoints
6.000000e+00
1.500000e+01
2.300000e+01
3.600000e+01
4.800000e+01
6.000000e+01
8.000000e+01
9.700000e+01
1.150000e+02

# axis 1: y
# datapoints	uncor. err.
2.500000e-02	1.000000e-07
3.000000e-02	1.000000e-07
4.500000e-02	1.000000e-07
6.500000e-02	1.000000e-07
1.000000e-01	1.000000e-07
1.500000e-01	1.000000e-07
1.800000e-01	1.000000e-07
2.400000e-01	1.000000e-07
3.050000e-01	1.000000e-07


################
# Fit function #
################

linear_2par(x; slope, y_intercept) = slope * x + y_intercept

##############
# Fit result #
##############

# value        error    correlations
# slope
2.6024e-03   9.36e-10   
# y_intercept
-1.2129e-02   6.00e-08   -0.832   

########################
# Final fit parameters #
########################

slope = 0.00260242 +- 9.4e-10
y_intercept = -0.0121289 +- 6e-08

###############
# Fit details #
###############

USING    iminuit
FCN/ndf  1.53e+11/7 = 2.19e+10
EdM      1.32465e-09
UP       1
STA      Error matrix accurate

chi2prob 0.0
HYPTEST  rejected (sig. 5%)

