
########################################
# Fit performed on 2017-01-10 22:15:15 #
########################################

###########
# Dataset #
###########

# axis 0: x
# datapoints
6.000000e+02
8.500000e+02
1.100000e+03
1.350000e+03
1.600000e+03
1.850000e+03
2.100000e+03
2.350000e+03
2.600000e+03

# axis 1: y
# datapoints
3.050000e+00
4.810000e+00
5.960000e+00
7.460000e+00
8.620000e+00
9.630000e+00
1.112000e+01
1.225000e+01
1.334000e+01


################
# Fit function #
################

linear_2par(x; slope, y_intercept) = slope * x + y_intercept

##############
# Fit result #
##############

# value        error    correlations
# slope
5.0647e-03   5.16e-04   
# y_intercept
3.6764e-01   8.91e-01   -0.927   

########################
# Final fit parameters #
########################

slope = 0.00506 +- 0.00052
y_intercept = 0.37 +- 0.89

###############
# Fit details #
###############

USING    iminuit
FCN/ndf  0.297/7 = 0.0425
EdM      1.24111e-22
UP       1
STA      Error matrix accurate

chi2prob 1.0
HYPTEST  accepted (sig. 5%)


########################################
# Fit performed on 2017-01-10 22:16:34 #
########################################

###########
# Dataset #
###########

# axis 0: x
# datapoints
6.000000e+02
8.500000e+02
1.100000e+03
1.350000e+03
1.600000e+03
1.850000e+03
2.100000e+03
2.350000e+03
2.600000e+03

# axis 1: y
# datapoints	uncor. err.
3.050000e+00	1.000000e-06
4.810000e+00	1.000000e-06
5.960000e+00	1.000000e-06
7.460000e+00	1.000000e-06
8.620000e+00	1.000000e-06
9.630000e+00	1.000000e-06
1.112000e+01	1.000000e-06
1.225000e+01	1.000000e-06
1.334000e+01	1.000000e-06


################
# Fit function #
################

linear_2par(x; slope, y_intercept) = slope * x + y_intercept

##############
# Fit result #
##############

# value        error    correlations
# slope
5.0647e-03   5.16e-10   
# y_intercept
3.6764e-01   8.91e-07   -0.927   

########################
# Final fit parameters #
########################

slope = 0.00506467 +- 5.2e-10
y_intercept = 0.367644 +- 8.9e-07

###############
# Fit details #
###############

USING    iminuit
FCN/ndf  2.97e+11/7 = 4.25e+10
EdM      1.38027e-07
UP       1
STA      Error matrix accurate

chi2prob 0.0
HYPTEST  rejected (sig. 5%)


########################################
# Fit performed on 2017-01-10 22:45:55 #
########################################

###########
# Dataset #
###########

# axis 0: x
# datapoints
6.000000e+00
1.500000e+01
2.300000e+01
3.600000e+01
4.800000e+01
6.000000e+01
8.000000e+01
9.700000e+01
1.150000e+02

# axis 1: y
# datapoints	uncor. err.
4.000000e-02	1.000000e-07
7.000000e-02	1.000000e-07
1.000000e-01	1.000000e-07
1.450000e-01	1.000000e-07
1.820000e-01	1.000000e-07
2.600000e-01	1.000000e-07
3.300000e-01	1.000000e-07
4.100000e-01	1.000000e-07
5.000000e-01	1.000000e-07


################
# Fit function #
################

linear_2par(x; slope, y_intercept) = slope * x + y_intercept

##############
# Fit result #
##############

# value        error    correlations
# slope
4.2171e-03   9.36e-10   
# y_intercept
1.4220e-03   6.00e-08   -0.832   

########################
# Final fit parameters #
########################

slope = 0.00421709 +- 9.4e-10
y_intercept = 0.00142204 +- 6e-08

###############
# Fit details #
###############

USING    iminuit
FCN/ndf  1.05e+11/7 = 1.49e+10
EdM      1.29313e-08
UP       1
STA      Error matrix accurate

chi2prob 0.0
HYPTEST  rejected (sig. 5%)


########################################
# Fit performed on 2017-01-10 22:45:55 #
########################################

###########
# Dataset #
###########

# axis 0: x
# datapoints
6.000000e+00
1.500000e+01
2.300000e+01
3.600000e+01
4.800000e+01
6.000000e+01
8.000000e+01
9.700000e+01
1.150000e+02

# axis 1: y
# datapoints	uncor. err.
2.500000e-02	1.000000e-07
3.000000e-02	1.000000e-07
4.500000e-02	1.000000e-07
6.500000e-02	1.000000e-07
1.000000e-01	1.000000e-07
1.500000e-01	1.000000e-07
1.800000e-01	1.000000e-07
2.400000e-01	1.000000e-07
3.050000e-01	1.000000e-07


################
# Fit function #
################

linear_2par(x; slope, y_intercept) = slope * x + y_intercept

##############
# Fit result #
##############

# value        error    correlations
# slope
2.6024e-03   9.36e-10   
# y_intercept
-1.2129e-02   6.00e-08   -0.832   

########################
# Final fit parameters #
########################

slope = 0.00260242 +- 9.4e-10
y_intercept = -0.0121289 +- 6e-08

###############
# Fit details #
###############

USING    iminuit
FCN/ndf  1.53e+11/7 = 2.19e+10
EdM      1.32465e-09
UP       1
STA      Error matrix accurate

chi2prob 0.0
HYPTEST  rejected (sig. 5%)


########################################
# Fit performed on 2017-01-10 22:46:43 #
########################################

###########
# Dataset #
###########

# axis 0: x
# datapoints
6.000000e+00
1.500000e+01
2.300000e+01
3.600000e+01
4.800000e+01
6.000000e+01
8.000000e+01
9.700000e+01
1.150000e+02

# axis 1: y
# datapoints	uncor. err.
4.000000e-02	1.000000e-07
7.000000e-02	1.000000e-07
1.000000e-01	1.000000e-07
1.450000e-01	1.000000e-07
1.820000e-01	1.000000e-07
2.600000e-01	1.000000e-07
3.300000e-01	1.000000e-07
4.100000e-01	1.000000e-07
5.000000e-01	1.000000e-07


################
# Fit function #
################

linear_2par(x; slope, y_intercept) = slope * x + y_intercept

##############
# Fit result #
##############

# value        error    correlations
# slope
4.2171e-03   9.36e-10   
# y_intercept
1.4220e-03   6.00e-08   -0.832   

########################
# Final fit parameters #
########################

slope = 0.00421709 +- 9.4e-10
y_intercept = 0.00142204 +- 6e-08

###############
# Fit details #
###############

USING    iminuit
FCN/ndf  1.05e+11/7 = 1.49e+10
EdM      1.29313e-08
UP       1
STA      Error matrix accurate

chi2prob 0.0
HYPTEST  rejected (sig. 5%)


########################################
# Fit performed on 2017-01-10 22:46:42 #
########################################

###########
# Dataset #
###########

# axis 0: x
# datapoints
6.000000e+00
1.500000e+01
2.300000e+01
3.600000e+01
4.800000e+01
6.000000e+01
8.000000e+01
9.700000e+01
1.150000e+02

# axis 1: y
# datapoints	uncor. err.
2.500000e-02	1.000000e-07
3.000000e-02	1.000000e-07
4.500000e-02	1.000000e-07
6.500000e-02	1.000000e-07
1.000000e-01	1.000000e-07
1.500000e-01	1.000000e-07
1.800000e-01	1.000000e-07
2.400000e-01	1.000000e-07
3.050000e-01	1.000000e-07


################
# Fit function #
################

linear_2par(x; slope, y_intercept) = slope * x + y_intercept

##############
# Fit result #
##############

# value        error    correlations
# slope
2.6024e-03   9.36e-10   
# y_intercept
-1.2129e-02   6.00e-08   -0.832   

########################
# Final fit parameters #
########################

slope = 0.00260242 +- 9.4e-10
y_intercept = -0.0121289 +- 6e-08

###############
# Fit details #
###############

USING    iminuit
FCN/ndf  1.53e+11/7 = 2.19e+10
EdM      1.32465e-09
UP       1
STA      Error matrix accurate

chi2prob 0.0
HYPTEST  rejected (sig. 5%)


########################################
# Fit performed on 2017-01-10 23:37:34 #
########################################

###########
# Dataset #
###########

# axis 0: x
# datapoints
6.000000e+00
1.500000e+01
2.300000e+01
3.600000e+01
4.800000e+01
6.000000e+01
8.000000e+01
9.700000e+01
1.150000e+02

# axis 1: y
# datapoints	uncor. err.
4.000000e-02	1.000000e-07
7.000000e-02	1.000000e-07
1.000000e-01	1.000000e-07
1.450000e-01	1.000000e-07
1.820000e-01	1.000000e-07
2.600000e-01	1.000000e-07
3.300000e-01	1.000000e-07
4.100000e-01	1.000000e-07
5.000000e-01	1.000000e-07


################
# Fit function #
################

linear_2par(x; slope, y_intercept) = slope * x + y_intercept

##############
# Fit result #
##############

# value        error    correlations
# slope
4.2171e-03   9.36e-10   
# y_intercept
1.4220e-03   6.00e-08   -0.832   

########################
# Final fit parameters #
########################

slope = 0.00421709 +- 9.4e-10
y_intercept = 0.00142204 +- 6e-08

###############
# Fit details #
###############

USING    iminuit
FCN/ndf  1.05e+11/7 = 1.49e+10
EdM      1.29313e-08
UP       1
STA      Error matrix accurate

chi2prob 0.0
HYPTEST  rejected (sig. 5%)


########################################
# Fit performed on 2017-01-10 23:37:34 #
########################################

###########
# Dataset #
###########

# axis 0: x
# datapoints
6.000000e+00
1.500000e+01
2.300000e+01
3.600000e+01
4.800000e+01
6.000000e+01
8.000000e+01
9.700000e+01
1.150000e+02

# axis 1: y
# datapoints	uncor. err.
2.500000e-02	1.000000e-07
3.000000e-02	1.000000e-07
4.500000e-02	1.000000e-07
6.500000e-02	1.000000e-07
1.000000e-01	1.000000e-07
1.500000e-01	1.000000e-07
1.800000e-01	1.000000e-07
2.400000e-01	1.000000e-07
3.050000e-01	1.000000e-07


################
# Fit function #
################

linear_2par(x; slope, y_intercept) = slope * x + y_intercept

##############
# Fit result #
##############

# value        error    correlations
# slope
2.6024e-03   9.36e-10   
# y_intercept
-1.2129e-02   6.00e-08   -0.832   

########################
# Final fit parameters #
########################

slope = 0.00260242 +- 9.4e-10
y_intercept = -0.0121289 +- 6e-08

###############
# Fit details #
###############

USING    iminuit
FCN/ndf  1.53e+11/7 = 2.19e+10
EdM      1.32465e-09
UP       1
STA      Error matrix accurate

chi2prob 0.0
HYPTEST  rejected (sig. 5%)

