
#####################################
# Minuit run on 2017-01-10 22:15:15 #
#####################################

**************************************************
*                     MIGRAD                     *
**************************************************

**********************************************************************
---------------------------------------------------------------------------------------
fval = 0.297407222222222 | total call = 38 | ncalls = 38
edm = 1.2411122913182853e-22 (Goal: 1e-05) | up = 1.0
---------------------------------------------------------------------------------------
|          Valid |    Valid Param | Accurate Covar |         Posdef |    Made Posdef |
---------------------------------------------------------------------------------------
|           True |           True |           True |           True |          False |
---------------------------------------------------------------------------------------
|     Hesse Fail |        Has Cov |      Above EDM |                |  Reach calllim |
---------------------------------------------------------------------------------------
|          False |           True |          False |            u'' |          False |
---------------------------------------------------------------------------------------

----------------------------------------------------------------------------------------------------
|      |    Name     |  Value   | Para Err |   Err-   |   Err+   |  Limit-  |  Limit+  |          |
----------------------------------------------------------------------------------------------------
|    0 |       slope =  0.005065 |  0.0005164 |          |          |          |          |          |
|    1 | y_intercept =  0.3676  |  0.8909  |          |          |          |          |          |
----------------------------------------------------------------------------------------------------

**********************************************************************
**************************************************
*                     HESSE                      *
**************************************************

----------------------------------------------------------------------------------------------------
|      |    Name     |  Value   | Para Err |   Err-   |   Err+   |  Limit-  |  Limit+  |          |
----------------------------------------------------------------------------------------------------
|    0 |       slope =  0.005065 |  0.0005164 |          |          |          |          |          |
|    1 | y_intercept =  0.3676  |  0.8909  |          |          |          |          |          |
----------------------------------------------------------------------------------------------------

['slope', 'y_intercept']
((1.0, -0.9273739248166002), (-0.9273739248166002, 1.0))
                 |    0    1 
------------------------------
      slope    0 | 1.00 -0.93 
y_intercept    1 | -0.93 1.00 
------------------------------

**************************************************
*                     MINOS                      *
**************************************************

--------------------------------------------------
Minos Status for slope: VALID
--------------------------------------------------
|      Error      | -0.000516398 |  0.000516398 |
|      Valid      |     True     |     True     |
|    At Limit     |    False     |    False     |
|     Max FCN     |    False     |    False     |
|     New Min     |    False     |    False     |
--------------------------------------------------

--------------------------------------------------
Minos Status for y_intercept: VALID
--------------------------------------------------
|      Error      |    -0.890942 |     0.890942 |
|      Valid      |     True     |     True     |
|    At Limit     |    False     |    False     |
|     Max FCN     |    False     |    False     |
|     New Min     |    False     |    False     |
--------------------------------------------------


#####################################
# Minuit run on 2017-01-10 22:16:34 #
#####################################

**************************************************
*                     MIGRAD                     *
**************************************************

**********************************************************************
---------------------------------------------------------------------------------------
fval = 297407222222.22156 | total call = 38 | ncalls = 38
edm = 1.3802690485520837e-07 (Goal: 1e-05) | up = 1.0
---------------------------------------------------------------------------------------
|          Valid |    Valid Param | Accurate Covar |         Posdef |    Made Posdef |
---------------------------------------------------------------------------------------
|           True |           True |           True |           True |          False |
---------------------------------------------------------------------------------------
|     Hesse Fail |        Has Cov |      Above EDM |                |  Reach calllim |
---------------------------------------------------------------------------------------
|          False |           True |          False |            u'' |          False |
---------------------------------------------------------------------------------------

----------------------------------------------------------------------------------------------------
|      |    Name     |  Value   | Para Err |   Err-   |   Err+   |  Limit-  |  Limit+  |          |
----------------------------------------------------------------------------------------------------
|    0 |       slope =  0.005065 |  5.164E-10 |          |          |          |          |          |
|    1 | y_intercept =  0.3676  |  8.909E-07 |          |          |          |          |          |
----------------------------------------------------------------------------------------------------

**********************************************************************
**************************************************
*                     HESSE                      *
**************************************************

----------------------------------------------------------------------------------------------------
|      |    Name     |  Value   | Para Err |   Err-   |   Err+   |  Limit-  |  Limit+  |          |
----------------------------------------------------------------------------------------------------
|    0 |       slope =  0.005065 |  5.164E-10 |          |          |          |          |          |
|    1 | y_intercept =  0.3676  |  8.909E-07 |          |          |          |          |          |
----------------------------------------------------------------------------------------------------

['slope', 'y_intercept']
((1.0, -0.9273745063948536), (-0.9273745063948536, 1.0))
                 |    0    1 
------------------------------
      slope    0 | 1.00 -0.93 
y_intercept    1 | -0.93 1.00 
------------------------------

**************************************************
*                     MINOS                      *
**************************************************

--------------------------------------------------
Minos Status for slope: VALID
--------------------------------------------------
|      Error      | -5.16429e-10 |  5.16366e-10 |
|      Valid      |     True     |     True     |
|    At Limit     |    False     |    False     |
|     Max FCN     |    False     |    False     |
|     New Min     |    False     |    False     |
--------------------------------------------------

--------------------------------------------------
Minos Status for y_intercept: VALID
--------------------------------------------------
|      Error      | -8.91241e-07 |  8.90806e-07 |
|      Valid      |     True     |     True     |
|    At Limit     |    False     |    False     |
|     Max FCN     |    False     |    False     |
|     New Min     |    False     |    False     |
--------------------------------------------------


#####################################
# Minuit run on 2017-01-10 22:45:55 #
#####################################

**************************************************
*                     MIGRAD                     *
**************************************************

**********************************************************************
---------------------------------------------------------------------------------------
fval = 153017331932.7731 | total call = 38 | ncalls = 38
edm = 1.324653328070648e-09 (Goal: 1e-05) | up = 1.0
---------------------------------------------------------------------------------------
|          Valid |    Valid Param | Accurate Covar |         Posdef |    Made Posdef |
---------------------------------------------------------------------------------------
|           True |           True |           True |           True |          False |
---------------------------------------------------------------------------------------
|     Hesse Fail |        Has Cov |      Above EDM |                |  Reach calllim |
---------------------------------------------------------------------------------------
|          False |           True |          False |            u'' |          False |
---------------------------------------------------------------------------------------

----------------------------------------------------------------------------------------------------
|      |    Name     |  Value   | Para Err |   Err-   |   Err+   |  Limit-  |  Limit+  |          |
----------------------------------------------------------------------------------------------------
|    0 |       slope =  0.002602 |  9.356E-10 |          |          |          |          |          |
|    1 | y_intercept = -0.01213 |  6.001E-08 |          |          |          |          |          |
----------------------------------------------------------------------------------------------------

**********************************************************************
**************************************************
*                     HESSE                      *
**************************************************

----------------------------------------------------------------------------------------------------
|      |    Name     |  Value   | Para Err |   Err-   |   Err+   |  Limit-  |  Limit+  |          |
----------------------------------------------------------------------------------------------------
|    0 |       slope =  0.002602 |  9.356E-10 |          |          |          |          |          |
|    1 | y_intercept = -0.01213 |  6.001E-08 |          |          |          |          |          |
----------------------------------------------------------------------------------------------------

['slope', 'y_intercept']
((1.0, -0.8315295499362828), (-0.8315295499362828, 1.0))
                 |    0    1 
------------------------------
      slope    0 | 1.00 -0.83 
y_intercept    1 | -0.83 1.00 
------------------------------

**************************************************
*                     MINOS                      *
**************************************************

--------------------------------------------------
Minos Status for slope: VALID
--------------------------------------------------
|      Error      | -9.35587e-10 |  9.35601e-10 |
|      Valid      |     True     |     True     |
|    At Limit     |    False     |    False     |
|     Max FCN     |    False     |    False     |
|     New Min     |    False     |    False     |
--------------------------------------------------

--------------------------------------------------
Minos Status for y_intercept: VALID
--------------------------------------------------
|      Error      | -6.00056e-08 |  6.00101e-08 |
|      Valid      |     True     |     True     |
|    At Limit     |    False     |    False     |
|     Max FCN     |    False     |    False     |
|     New Min     |    False     |    False     |
--------------------------------------------------


#####################################
# Minuit run on 2017-01-10 22:45:55 #
#####################################

**************************************************
*                     MIGRAD                     *
**************************************************

**********************************************************************
---------------------------------------------------------------------------------------
fval = 104562464985.99445 | total call = 38 | ncalls = 38
edm = 1.2931291496487631e-08 (Goal: 1e-05) | up = 1.0
---------------------------------------------------------------------------------------
|          Valid |    Valid Param | Accurate Covar |         Posdef |    Made Posdef |
---------------------------------------------------------------------------------------
|           True |           True |           True |           True |          False |
---------------------------------------------------------------------------------------
|     Hesse Fail |        Has Cov |      Above EDM |                |  Reach calllim |
---------------------------------------------------------------------------------------
|          False |           True |          False |            u'' |          False |
---------------------------------------------------------------------------------------

----------------------------------------------------------------------------------------------------
|      |    Name     |  Value   | Para Err |   Err-   |   Err+   |  Limit-  |  Limit+  |          |
----------------------------------------------------------------------------------------------------
|    0 |       slope =  0.004217 |  9.356E-10 |          |          |          |          |          |
|    1 | y_intercept =  0.001422 |  6.001E-08 |          |          |          |          |          |
----------------------------------------------------------------------------------------------------

**********************************************************************
**************************************************
*                     HESSE                      *
**************************************************

----------------------------------------------------------------------------------------------------
|      |    Name     |  Value   | Para Err |   Err-   |   Err+   |  Limit-  |  Limit+  |          |
----------------------------------------------------------------------------------------------------
|    0 |       slope =  0.004217 |  9.356E-10 |          |          |          |          |          |
|    1 | y_intercept =  0.001422 |  6.001E-08 |          |          |          |          |          |
----------------------------------------------------------------------------------------------------

['slope', 'y_intercept']
((1.0, -0.8315305741243931), (-0.8315305741243931, 1.0))
                 |    0    1 
------------------------------
      slope    0 | 1.00 -0.83 
y_intercept    1 | -0.83 1.00 
------------------------------

**************************************************
*                     MINOS                      *
**************************************************

--------------------------------------------------
Minos Status for slope: VALID
--------------------------------------------------
|      Error      | -9.35609e-10 |  9.35587e-10 |
|      Valid      |     True     |     True     |
|    At Limit     |    False     |    False     |
|     Max FCN     |    False     |    False     |
|     New Min     |    False     |    False     |
--------------------------------------------------

--------------------------------------------------
Minos Status for y_intercept: VALID
--------------------------------------------------
|      Error      |  -6.0012e-08 |  6.00046e-08 |
|      Valid      |     True     |     True     |
|    At Limit     |    False     |    False     |
|     Max FCN     |    False     |    False     |
|     New Min     |    False     |    False     |
--------------------------------------------------


#####################################
# Minuit run on 2017-01-10 22:46:43 #
#####################################

**************************************************
*                     MIGRAD                     *
**************************************************

**********************************************************************
---------------------------------------------------------------------------------------
fval = 153017331932.7731 | total call = 38 | ncalls = 38
edm = 1.324653328070648e-09 (Goal: 1e-05) | up = 1.0
---------------------------------------------------------------------------------------
|          Valid |    Valid Param | Accurate Covar |         Posdef |    Made Posdef |
---------------------------------------------------------------------------------------
|           True |           True |           True |           True |          False |
---------------------------------------------------------------------------------------
|     Hesse Fail |        Has Cov |      Above EDM |                |  Reach calllim |
---------------------------------------------------------------------------------------
|          False |           True |          False |            u'' |          False |
---------------------------------------------------------------------------------------

----------------------------------------------------------------------------------------------------
|      |    Name     |  Value   | Para Err |   Err-   |   Err+   |  Limit-  |  Limit+  |          |
----------------------------------------------------------------------------------------------------
|    0 |       slope =  0.002602 |  9.356E-10 |          |          |          |          |          |
|    1 | y_intercept = -0.01213 |  6.001E-08 |          |          |          |          |          |
----------------------------------------------------------------------------------------------------

**********************************************************************
**************************************************
*                     HESSE                      *
**************************************************

----------------------------------------------------------------------------------------------------
|      |    Name     |  Value   | Para Err |   Err-   |   Err+   |  Limit-  |  Limit+  |          |
----------------------------------------------------------------------------------------------------
|    0 |       slope =  0.002602 |  9.356E-10 |          |          |          |          |          |
|    1 | y_intercept = -0.01213 |  6.001E-08 |          |          |          |          |          |
----------------------------------------------------------------------------------------------------

['slope', 'y_intercept']
((1.0, -0.8315295499362828), (-0.8315295499362828, 1.0))
                 |    0    1 
------------------------------
      slope    0 | 1.00 -0.83 
y_intercept    1 | -0.83 1.00 
------------------------------

**************************************************
*                     MINOS                      *
**************************************************

--------------------------------------------------
Minos Status for slope: VALID
--------------------------------------------------
|      Error      | -9.35587e-10 |  9.35601e-10 |
|      Valid      |     True     |     True     |
|    At Limit     |    False     |    False     |
|     Max FCN     |    False     |    False     |
|     New Min     |    False     |    False     |
--------------------------------------------------

--------------------------------------------------
Minos Status for y_intercept: VALID
--------------------------------------------------
|      Error      | -6.00056e-08 |  6.00101e-08 |
|      Valid      |     True     |     True     |
|    At Limit     |    False     |    False     |
|     Max FCN     |    False     |    False     |
|     New Min     |    False     |    False     |
--------------------------------------------------


#####################################
# Minuit run on 2017-01-10 22:46:43 #
#####################################

**************************************************
*                     MIGRAD                     *
**************************************************

**********************************************************************
---------------------------------------------------------------------------------------
fval = 104562464985.99445 | total call = 38 | ncalls = 38
edm = 1.2931291496487631e-08 (Goal: 1e-05) | up = 1.0
---------------------------------------------------------------------------------------
|          Valid |    Valid Param | Accurate Covar |         Posdef |    Made Posdef |
---------------------------------------------------------------------------------------
|           True |           True |           True |           True |          False |
---------------------------------------------------------------------------------------
|     Hesse Fail |        Has Cov |      Above EDM |                |  Reach calllim |
---------------------------------------------------------------------------------------
|          False |           True |          False |            u'' |          False |
---------------------------------------------------------------------------------------

----------------------------------------------------------------------------------------------------
|      |    Name     |  Value   | Para Err |   Err-   |   Err+   |  Limit-  |  Limit+  |          |
----------------------------------------------------------------------------------------------------
|    0 |       slope =  0.004217 |  9.356E-10 |          |          |          |          |          |
|    1 | y_intercept =  0.001422 |  6.001E-08 |          |          |          |          |          |
----------------------------------------------------------------------------------------------------

**********************************************************************
**************************************************
*                     HESSE                      *
**************************************************

----------------------------------------------------------------------------------------------------
|      |    Name     |  Value   | Para Err |   Err-   |   Err+   |  Limit-  |  Limit+  |          |
----------------------------------------------------------------------------------------------------
|    0 |       slope =  0.004217 |  9.356E-10 |          |          |          |          |          |
|    1 | y_intercept =  0.001422 |  6.001E-08 |          |          |          |          |          |
----------------------------------------------------------------------------------------------------

['slope', 'y_intercept']
((1.0, -0.8315305741243931), (-0.8315305741243931, 1.0))
                 |    0    1 
------------------------------
      slope    0 | 1.00 -0.83 
y_intercept    1 | -0.83 1.00 
------------------------------

**************************************************
*                     MINOS                      *
**************************************************

--------------------------------------------------
Minos Status for slope: VALID
--------------------------------------------------
|      Error      | -9.35609e-10 |  9.35587e-10 |
|      Valid      |     True     |     True     |
|    At Limit     |    False     |    False     |
|     Max FCN     |    False     |    False     |
|     New Min     |    False     |    False     |
--------------------------------------------------

--------------------------------------------------
Minos Status for y_intercept: VALID
--------------------------------------------------
|      Error      |  -6.0012e-08 |  6.00046e-08 |
|      Valid      |     True     |     True     |
|    At Limit     |    False     |    False     |
|     Max FCN     |    False     |    False     |
|     New Min     |    False     |    False     |
--------------------------------------------------


#####################################
# Minuit run on 2017-01-10 23:37:34 #
#####################################

**************************************************
*                     MIGRAD                     *
**************************************************

**********************************************************************
---------------------------------------------------------------------------------------
fval = 153017331932.7731 | total call = 38 | ncalls = 38
edm = 1.324653328070648e-09 (Goal: 1e-05) | up = 1.0
---------------------------------------------------------------------------------------
|          Valid |    Valid Param | Accurate Covar |         Posdef |    Made Posdef |
---------------------------------------------------------------------------------------
|           True |           True |           True |           True |          False |
---------------------------------------------------------------------------------------
|     Hesse Fail |        Has Cov |      Above EDM |                |  Reach calllim |
---------------------------------------------------------------------------------------
|          False |           True |          False |            u'' |          False |
---------------------------------------------------------------------------------------

----------------------------------------------------------------------------------------------------
|      |    Name     |  Value   | Para Err |   Err-   |   Err+   |  Limit-  |  Limit+  |          |
----------------------------------------------------------------------------------------------------
|    0 |       slope =  0.002602 |  9.356E-10 |          |          |          |          |          |
|    1 | y_intercept = -0.01213 |  6.001E-08 |          |          |          |          |          |
----------------------------------------------------------------------------------------------------

**********************************************************************
**************************************************
*                     HESSE                      *
**************************************************

----------------------------------------------------------------------------------------------------
|      |    Name     |  Value   | Para Err |   Err-   |   Err+   |  Limit-  |  Limit+  |          |
----------------------------------------------------------------------------------------------------
|    0 |       slope =  0.002602 |  9.356E-10 |          |          |          |          |          |
|    1 | y_intercept = -0.01213 |  6.001E-08 |          |          |          |          |          |
----------------------------------------------------------------------------------------------------

['slope', 'y_intercept']
((1.0, -0.8315295499362828), (-0.8315295499362828, 1.0))
                 |    0    1 
------------------------------
      slope    0 | 1.00 -0.83 
y_intercept    1 | -0.83 1.00 
------------------------------

**************************************************
*                     MINOS                      *
**************************************************

--------------------------------------------------
Minos Status for slope: VALID
--------------------------------------------------
|      Error      | -9.35587e-10 |  9.35601e-10 |
|      Valid      |     True     |     True     |
|    At Limit     |    False     |    False     |
|     Max FCN     |    False     |    False     |
|     New Min     |    False     |    False     |
--------------------------------------------------

--------------------------------------------------
Minos Status for y_intercept: VALID
--------------------------------------------------
|      Error      | -6.00056e-08 |  6.00101e-08 |
|      Valid      |     True     |     True     |
|    At Limit     |    False     |    False     |
|     Max FCN     |    False     |    False     |
|     New Min     |    False     |    False     |
--------------------------------------------------


#####################################
# Minuit run on 2017-01-10 23:37:34 #
#####################################

**************************************************
*                     MIGRAD                     *
**************************************************

**********************************************************************
---------------------------------------------------------------------------------------
fval = 104562464985.99445 | total call = 38 | ncalls = 38
edm = 1.2931291496487631e-08 (Goal: 1e-05) | up = 1.0
---------------------------------------------------------------------------------------
|          Valid |    Valid Param | Accurate Covar |         Posdef |    Made Posdef |
---------------------------------------------------------------------------------------
|           True |           True |           True |           True |          False |
---------------------------------------------------------------------------------------
|     Hesse Fail |        Has Cov |      Above EDM |                |  Reach calllim |
---------------------------------------------------------------------------------------
|          False |           True |          False |            u'' |          False |
---------------------------------------------------------------------------------------

----------------------------------------------------------------------------------------------------
|      |    Name     |  Value   | Para Err |   Err-   |   Err+   |  Limit-  |  Limit+  |          |
----------------------------------------------------------------------------------------------------
|    0 |       slope =  0.004217 |  9.356E-10 |          |          |          |          |          |
|    1 | y_intercept =  0.001422 |  6.001E-08 |          |          |          |          |          |
----------------------------------------------------------------------------------------------------

**********************************************************************
**************************************************
*                     HESSE                      *
**************************************************

----------------------------------------------------------------------------------------------------
|      |    Name     |  Value   | Para Err |   Err-   |   Err+   |  Limit-  |  Limit+  |          |
----------------------------------------------------------------------------------------------------
|    0 |       slope =  0.004217 |  9.356E-10 |          |          |          |          |          |
|    1 | y_intercept =  0.001422 |  6.001E-08 |          |          |          |          |          |
----------------------------------------------------------------------------------------------------

['slope', 'y_intercept']
((1.0, -0.8315305741243931), (-0.8315305741243931, 1.0))
                 |    0    1 
------------------------------
      slope    0 | 1.00 -0.83 
y_intercept    1 | -0.83 1.00 
------------------------------

**************************************************
*                     MINOS                      *
**************************************************

--------------------------------------------------
Minos Status for slope: VALID
--------------------------------------------------
|      Error      | -9.35609e-10 |  9.35587e-10 |
|      Valid      |     True     |     True     |
|    At Limit     |    False     |    False     |
|     Max FCN     |    False     |    False     |
|     New Min     |    False     |    False     |
--------------------------------------------------

--------------------------------------------------
Minos Status for y_intercept: VALID
--------------------------------------------------
|      Error      |  -6.0012e-08 |  6.00046e-08 |
|      Valid      |     True     |     True     |
|    At Limit     |    False     |    False     |
|     Max FCN     |    False     |    False     |
|     New Min     |    False     |    False     |
--------------------------------------------------

